<?xml version="1.0" encoding="UTF-8"?>
<testng-results skipped="0" failed="0" ignored="0" total="1" passed="1">
  <reporter-output>
  </reporter-output>
  <suite name="Default suite" duration-ms="24431" started-at="2020-01-11T10:33:14Z" finished-at="2020-01-11T10:33:39Z">
    <groups>
    </groups>
    <test name="Default test" duration-ms="24431" started-at="2020-01-11T10:33:14Z" finished-at="2020-01-11T10:33:39Z">
      <class name="tests.DiscountCoupon">
        <test-method status="PASS" signature="User_Login()[pri:0, instance:tests.DiscountCoupon@523884b2]" name="User_Login" duration-ms="24372" started-at="2020-01-11T10:33:15Z" finished-at="2020-01-11T10:33:39Z">
          <reporter-output>
          </reporter-output>
        </test-method> <!-- User_Login -->
      </class> <!-- tests.DiscountCoupon -->
    </test> <!-- Default test -->
  </suite> <!-- Default suite -->
</testng-results>
